2022-04-24 15:26:29 __main__     INFO     start main
2022-04-24 15:26:29 __main__     INFO     Order{uuid: cb2a174f-f8cb-4d59-b45c-822c1a98f321,trader id: bd5bffd9-d3e3-42c5-87fe-3339c7dc1a21,self.ticker: GOOGLE,side: sell,price: 12}
2022-04-24 15:26:29 __main__     INFO     Order{uuid: fddf896a-fdeb-4b19-8f1f-b98ad2371a47,trader id: bd5bffd9-d3e3-42c5-87fe-3339c7dc1a21,self.ticker: GOOGLE,side: sell,price: 13}
2022-04-24 15:26:29 __main__     INFO     Order{uuid: e55c2e98-3150-4021-8b0a-a24c7d84c9fc,trader id: 26c0acd0-1e51-4cf4-83b6-f6a435dd6725,self.ticker: GOOGLE,side: sell,price: 15}
2022-04-24 15:26:29 __main__     INFO     Order{uuid: 42db31f7-2aef-43c1-b42b-36e90aac7518,trader id: 9f5d1800-733a-4ecb-abb2-67ad4f3cab1b,self.ticker: GOOGLE,side: buy,price: 10}
2022-04-24 15:26:29 __main__     INFO     Order{uuid: 3dff6fe4-3b34-4d8a-8364-4e4a72a5484c,trader id: 9f5d1800-733a-4ecb-abb2-67ad4f3cab1b,self.ticker: GOOGLE,side: buy,price: 9}
2022-04-24 15:26:29 __main__     INFO     Order{uuid: fbebacf5-54c1-4e8f-b7f9-3aefcbc315c3,trader id: 9f5d1800-733a-4ecb-abb2-67ad4f3cab1b,self.ticker: GOOGLE,side: buy,price: 9}
2022-04-24 15:26:29 __main__     INFO     Start Inserting Orders to Market
2022-04-24 15:26:29 __main__     INFO     Sending limit order and update trader created
2022-04-24 15:26:29 __main__     INFO     Sending limit order and update trader created
2022-04-24 15:26:29 __main__     INFO     Sending limit order and update trader created
2022-04-24 15:26:29 __main__     INFO     Sending limit order and update trader created
2022-04-24 15:26:29 __main__     INFO     Sending limit order and update trader created
2022-04-24 15:26:29 __main__     INFO     Sending limit order and update trader created
2022-04-24 15:26:29 __main__     INFO     Inserting new order
2022-04-24 15:26:29 __main__     INFO     Order created in the market Ok
2022-04-24 15:26:29 __main__     INFO     # Buy Orders  Vol   Ask   | Bid   Vol   # Sell Orders 
           1  00100 00010 | 00012 00300 1           
           2  00700 00009 | 00013 00500 1           
           1  00100 00005 | 00015 01000 1           

2022-04-24 15:26:29 __main__     INFO     Trader{id: 9f5d1800-733a-4ecb-abb2-67ad4f3cab1b,money: 1000000,money_hold:       7300 , # created orders: 0, # open orders: 3}
2022-04-24 15:26:29 __main__     INFO     Trader{id: bd5bffd9-d3e3-42c5-87fe-3339c7dc1a21,money: 1000000,money_hold:      10600 , # created orders: 0, # open orders: 3}
2022-04-24 15:26:29 __main__     INFO     Trader{id: 26c0acd0-1e51-4cf4-83b6-f6a435dd6725,money: 1000000,money_hold:      15000 , # created orders: 0, # open orders: 1}
2022-04-24 15:26:29 __main__     INFO     Trader{id: 54fc2697-a09f-4b51-97a7-940158e7b77b,money: 1000000,money_hold:          0 , # created orders: 0, # open orders: 0}
2022-04-24 15:26:29 __main__     INFO     Trader{id: 1269ad77-a492-40ad-8665-e98c319ba320,money: 1000000,money_hold:          0 , # created orders: 0, # open orders: 0}
2022-04-24 15:26:29 __main__     INFO     Trader{id: 5b2c84b4-afe9-4e09-b1ef-c7be3431afc4,money: 1000000,money_hold:          0 , # created orders: 0, # open orders: 0}
2022-04-24 15:26:29 __main__     INFO     Trader{id: a6324a44-cdfc-4805-9c4d-6b811af8387f,money: 1000000,money_hold:          0 , # created orders: 0, # open orders: 0}
2022-04-24 15:26:29 __main__     INFO     Trader{id: 3c3a7382-20a8-466a-9ac1-662d3ee88d1a,money: 1000000,money_hold:          0 , # created orders: 0, # open orders: 0}
2022-04-24 15:26:29 __main__     INFO     Trader{id: d5644cf9-e474-4720-be20-aba1749824d8,money: 1000000,money_hold:          0 , # created orders: 0, # open orders: 0}
2022-04-24 15:26:29 __main__     INFO     Trader{id: 4e0e4a48-46e4-48ac-adfb-680175aa464b,money: 1000000,money_hold:          0 , # created orders: 0, # open orders: 0}
